<?xml version="1.0" encoding="UTF-8"?>
<!-- Generated by org.testng.reporters.JUnitReportReporter -->
<testsuite hostname="DESKTOP-R1NCR26" failures="0" tests="3" name="com.automationpractice.qa.testcases.HomePageTest" time="62.474" errors="0" timestamp="2022-02-11T13:10:16 GMT-05:00" skipped="0">
  <testcase classname="com.automationpractice.qa.testcases.HomePageTest" name="HomePageTitleTest" time="15.156"/>
  <system-out/>
  <testcase classname="com.automationpractice.qa.testcases.HomePageTest" name="automationpracticeLogoImageTest" time="21.663"/>
  <system-out/>
  <testcase classname="com.automationpractice.qa.testcases.HomePageTest" name="SignInbtnClickTest" time="25.655"/>
  <system-out/>
</testsuite> <!-- com.automationpractice.qa.testcases.HomePageTest -->
