<?xml version="1.0" encoding="UTF-8"?>
<!-- Generated by org.testng.reporters.JUnitReportReporter -->
<testsuite hostname="DESKTOP-R1NCR26" failures="0" tests="1" name="com.automationpractice.qa.testcases.MyAccountPageTest" time="44.612" errors="0" timestamp="2022-02-11T13:10:16 GMT-05:00" skipped="0">
  <testcase classname="com.automationpractice.qa.testcases.MyAccountPageTest" name="GoToHomepage" time="44.612"/>
  <system-out/>
</testsuite> <!-- com.automationpractice.qa.testcases.MyAccountPageTest -->
