<?xml version="1.0" encoding="UTF-8"?>
<!-- Generated by org.testng.reporters.JUnitReportReporter -->
<testsuite skipped="0" hostname="DESKTOP-R1NCR26" name="com.automationpractice.qa.testcases.MyAccountPageTest" tests="1" failures="0" timestamp="23 Feb 2022 09:38:35 GMT" time="45.082" errors="0">
  <testcase name="GoToHomepage" time="45.082" classname="com.automationpractice.qa.testcases.MyAccountPageTest"/>
</testsuite> <!-- com.automationpractice.qa.testcases.MyAccountPageTest -->
