<?xml version="1.0" encoding="UTF-8"?>
<!-- Generated by org.testng.reporters.JUnitReportReporter -->
<testsuite skipped="0" hostname="DESKTOP-R1NCR26" name="com.automationpractice.qa.testcases.HomePageTest" tests="3" failures="0" timestamp="23 Feb 2022 09:38:35 GMT" time="41.909" errors="0">
  <testcase name="HomePageTitleTest" time="12.853" classname="com.automationpractice.qa.testcases.HomePageTest"/>
  <testcase name="automationpracticeLogoImageTest" time="13.092" classname="com.automationpractice.qa.testcases.HomePageTest"/>
  <testcase name="SignInbtnClickTest" time="15.964" classname="com.automationpractice.qa.testcases.HomePageTest"/>
</testsuite> <!-- com.automationpractice.qa.testcases.HomePageTest -->
