<?xml version="1.0" encoding="UTF-8"?>
<!-- Generated by org.testng.reporters.JUnitReportReporter -->
<testsuite skipped="0" hostname="DESKTOP-R1NCR26" name="com.automationpractice.qa.testcases.AuthenticationSignInPageTest" tests="1" failures="0" timestamp="23 Feb 2022 09:38:35 GMT" time="27.138" errors="0">
  <testcase name="VerifyAuthenticationSignIn" time="27.138" classname="com.automationpractice.qa.testcases.AuthenticationSignInPageTest"/>
</testsuite> <!-- com.automationpractice.qa.testcases.AuthenticationSignInPageTest -->
